2025-03-07T00:07:17.077+01:00  INFO 15892 --- [main] ua.schoolconsoleapp.MainApp              : Starting MainApp using Java 17.0.9 with PID 15892 (C:\school-console-app\target\classes started by User in C:\school-console-app)
2025-03-07T00:07:17.096+01:00 DEBUG 15892 --- [main] ua.schoolconsoleapp.MainApp              : Running with Spring Boot v3.1.0, Spring v6.0.9
2025-03-07T00:07:17.100+01:00  INFO 15892 --- [main] ua.schoolconsoleapp.MainApp              : No active profile set, falling back to 1 default profile: "default"
2025-03-07T00:07:18.774+01:00  INFO 15892 --- [main] .s.d.r.c.RepositoryConfigurationDelegate : Bootstrapping Spring Data JDBC repositories in DEFAULT mode.
2025-03-07T00:07:18.846+01:00  INFO 15892 --- [main] .s.d.r.c.RepositoryConfigurationDelegate : Finished Spring Data repository scanning in 54 ms. Found 0 JDBC repository interfaces.
2025-03-07T00:07:20.284+01:00  INFO 15892 --- [main] o.s.b.w.embedded.tomcat.TomcatWebServer  : Tomcat initialized with port(s): 8080 (http)
2025-03-07T00:07:20.305+01:00  INFO 15892 --- [main] o.apache.catalina.core.StandardService   : Starting service [Tomcat]
2025-03-07T00:07:20.305+01:00  INFO 15892 --- [main] o.apache.catalina.core.StandardEngine    : Starting Servlet engine: [Apache Tomcat/10.1.8]
2025-03-07T00:07:20.651+01:00  INFO 15892 --- [main] o.a.c.c.C.[Tomcat].[localhost].[/]       : Initializing Spring embedded WebApplicationContext
2025-03-07T00:07:20.663+01:00  INFO 15892 --- [main] w.s.c.ServletWebServerApplicationContext : Root WebApplicationContext: initialization completed in 3407 ms
2025-03-07T00:07:21.306+01:00  INFO 15892 --- [main] o.f.c.internal.license.VersionPrinter    : Flyway Community Edition 9.16.3 by Redgate
2025-03-07T00:07:21.308+01:00  INFO 15892 --- [main] o.f.c.internal.license.VersionPrinter    : See release notes here: https://rd.gt/416ObMi
2025-03-07T00:07:21.312+01:00  INFO 15892 --- [main] o.f.c.internal.license.VersionPrinter    : 
2025-03-07T00:07:21.367+01:00  INFO 15892 --- [main] com.zaxxer.hikari.HikariDataSource       : HikariPool-1 - Starting...
2025-03-07T00:07:21.884+01:00  INFO 15892 --- [main] com.zaxxer.hikari.pool.HikariPool        : HikariPool-1 - Added connection org.postgresql.jdbc.PgConnection@33f17289
2025-03-07T00:07:21.890+01:00  INFO 15892 --- [main] com.zaxxer.hikari.HikariDataSource       : HikariPool-1 - Start completed.
2025-03-07T00:07:21.948+01:00  INFO 15892 --- [main] o.f.c.i.database.base.BaseDatabaseType   : Database: jdbc:postgresql://localhost:5432/postgres (PostgreSQL 16.2)
2025-03-07T00:07:21.984+01:00  WARN 15892 --- [main] o.f.c.internal.database.base.Database    : Flyway upgrade recommended: PostgreSQL 16.2 is newer than this version of Flyway and support has not been tested. The latest supported version of PostgreSQL is 15.
2025-03-07T00:07:22.072+01:00  INFO 15892 --- [main] o.f.core.internal.command.DbValidate     : Successfully validated 0 migrations (execution time 00:00.049s)
2025-03-07T00:07:22.073+01:00  WARN 15892 --- [main] o.f.core.internal.command.DbValidate     : No migrations found. Are your locations set up correctly?
2025-03-07T00:07:22.213+01:00  INFO 15892 --- [main] o.f.core.internal.command.DbMigrate      : Current version of schema "public": << Empty Schema >>
2025-03-07T00:07:22.217+01:00  INFO 15892 --- [main] o.f.core.internal.command.DbMigrate      : Schema "public" is up to date. No migration necessary.
2025-03-07T00:07:24.054+01:00  INFO 15892 --- [main] o.s.b.w.embedded.tomcat.TomcatWebServer  : Tomcat started on port(s): 8080 (http) with context path ''
2025-03-07T00:07:24.082+01:00  INFO 15892 --- [main] ua.schoolconsoleapp.MainApp              : Started MainApp in 8.071 seconds (process running for 8.847)
2025-03-07T00:08:31.223+01:00  INFO 15892 --- [main] u.s.services.StudentServiceImpl          : Search students by course name: Art
2025-03-07T00:08:31.227+01:00  INFO 15892 --- [main] ua.schoolconsoleapp.dao.CourseDAO        : Fetching course ID for course name: Art
2025-03-07T00:08:31.248+01:00  INFO 15892 --- [main] ua.schoolconsoleapp.dao.CourseDAO        : Course ID for 'Art' is 10
2025-03-07T00:08:31.261+01:00  INFO 15892 --- [main] u.s.services.StudentServiceImpl          : Found 53 students for course 'Art'
2025-03-07T00:09:11.455+01:00  INFO 15892 --- [main] ua.schoolconsoleapp.dao.CourseDAO        : Fetching all courses
2025-03-07T00:09:11.461+01:00  INFO 15892 --- [main] ua.schoolconsoleapp.dao.CourseDAO        : Fetched 10 courses from database.
2025-03-07T00:09:18.512+01:00  INFO 15892 --- [main] u.s.services.StudentServiceImpl          : Adding student Donald Trump to course 'dsa'
2025-03-07T00:09:18.519+01:00  INFO 15892 --- [main] ua.schoolconsoleapp.dao.CourseDAO        : Fetching course ID for course name: dsa
2025-03-07T00:09:18.523+01:00 ERROR 15892 --- [main] ua.schoolconsoleapp.dao.CourseDAO        : Failed to fetch course ID for 'dsa': Incorrect result size: expected 1, actual 0

org.springframework.dao.EmptyResultDataAccessException: Incorrect result size: expected 1, actual 0
	at org.springframework.dao.support.DataAccessUtils.nullableSingleResult(DataAccessUtils.java:97) ~[spring-tx-6.0.9.jar:6.0.9]
	at org.springframework.jdbc.core.JdbcTemplate.queryForObject(JdbcTemplate.java:880) ~[spring-jdbc-6.0.9.jar:6.0.9]
	at org.springframework.jdbc.core.JdbcTemplate.queryForObject(JdbcTemplate.java:906) ~[spring-jdbc-6.0.9.jar:6.0.9]
	at ua.schoolconsoleapp.dao.CourseDAO.getCourseIdByName(CourseDAO.java:123) ~[classes/:na]
	at java.base/jdk.internal.reflect.NativeMethodAccessorImpl.invoke0(Native Method) ~[na:na]
	at java.base/jdk.internal.reflect.NativeMethodAccessorImpl.invoke(NativeMethodAccessorImpl.java:77) ~[na:na]
	at java.base/jdk.internal.reflect.DelegatingMethodAccessorImpl.invoke(DelegatingMethodAccessorImpl.java:43) ~[na:na]
	at java.base/java.lang.reflect.Method.invoke(Method.java:568) ~[na:na]
	at org.springframework.aop.support.AopUtils.invokeJoinpointUsingReflection(AopUtils.java:343) ~[spring-aop-6.0.9.jar:6.0.9]
	at org.springframework.aop.framework.ReflectiveMethodInvocation.invokeJoinpoint(ReflectiveMethodInvocation.java:196) ~[spring-aop-6.0.9.jar:6.0.9]
	at org.springframework.aop.framework.ReflectiveMethodInvocation.proceed(ReflectiveMethodInvocation.java:163) ~[spring-aop-6.0.9.jar:6.0.9]
	at org.springframework.aop.framework.CglibAopProxy$CglibMethodInvocation.proceed(CglibAopProxy.java:750) ~[spring-aop-6.0.9.jar:6.0.9]
	at org.springframework.dao.support.PersistenceExceptionTranslationInterceptor.invoke(PersistenceExceptionTranslationInterceptor.java:137) ~[spring-tx-6.0.9.jar:6.0.9]
	at org.springframework.aop.framework.ReflectiveMethodInvocation.proceed(ReflectiveMethodInvocation.java:184) ~[spring-aop-6.0.9.jar:6.0.9]
	at org.springframework.aop.framework.CglibAopProxy$CglibMethodInvocation.proceed(CglibAopProxy.java:750) ~[spring-aop-6.0.9.jar:6.0.9]
	at org.springframework.aop.framework.CglibAopProxy$DynamicAdvisedInterceptor.intercept(CglibAopProxy.java:702) ~[spring-aop-6.0.9.jar:6.0.9]
	at ua.schoolconsoleapp.dao.CourseDAO$$SpringCGLIB$$0.getCourseIdByName(<generated>) ~[classes/:na]
	at ua.schoolconsoleapp.services.StudentServiceImpl.addStudentToCourse(StudentServiceImpl.java:93) ~[classes/:na]
	at ua.schoolconsoleapp.MainApp.addStudentToCourse(MainApp.java:230) ~[classes/:na]
	at ua.schoolconsoleapp.MainApp.showMenu(MainApp.java:93) ~[classes/:na]
	at ua.schoolconsoleapp.MainApp.run(MainApp.java:59) ~[classes/:na]
	at org.springframework.boot.SpringApplication.callRunner(SpringApplication.java:770) ~[spring-boot-3.1.0.jar:3.1.0]
	at org.springframework.boot.SpringApplication.callRunners(SpringApplication.java:754) ~[spring-boot-3.1.0.jar:3.1.0]
	at org.springframework.boot.SpringApplication.run(SpringApplication.java:318) ~[spring-boot-3.1.0.jar:3.1.0]
	at org.springframework.boot.SpringApplication.run(SpringApplication.java:1305) ~[spring-boot-3.1.0.jar:3.1.0]
	at org.springframework.boot.SpringApplication.run(SpringApplication.java:1294) ~[spring-boot-3.1.0.jar:3.1.0]
	at ua.schoolconsoleapp.MainApp.main(MainApp.java:53) ~[classes/:na]

2025-03-07T00:09:18.535+01:00  WARN 15892 --- [main] u.s.services.StudentServiceImpl          : Course 'dsa' not found.
2025-03-07T00:10:23.935+01:00  INFO 15892 --- [main] ua.schoolconsoleapp.dao.CourseDAO        : Fetching all courses
2025-03-07T00:10:23.937+01:00  INFO 15892 --- [main] ua.schoolconsoleapp.dao.CourseDAO        : Fetched 10 courses from database.
2025-03-07T00:10:28.391+01:00  INFO 15892 --- [main] u.s.services.StudentServiceImpl          : Adding student Danald Trump to course 'History'
2025-03-07T00:10:28.394+01:00  WARN 15892 --- [main] u.s.services.StudentServiceImpl          : Student Danald Trump not found.
2025-03-07T00:10:48.512+01:00  INFO 15892 --- [main] u.s.services.StudentServiceImpl          : Search students by course name: Art
2025-03-07T00:10:48.513+01:00  INFO 15892 --- [main] ua.schoolconsoleapp.dao.CourseDAO        : Fetching course ID for course name: Art
2025-03-07T00:10:48.514+01:00  INFO 15892 --- [main] ua.schoolconsoleapp.dao.CourseDAO        : Course ID for 'Art' is 10
2025-03-07T00:10:48.517+01:00  INFO 15892 --- [main] u.s.services.StudentServiceImpl          : Found 53 students for course 'Art'
2025-03-07T00:11:07.631+01:00  INFO 15892 --- [main] ua.schoolconsoleapp.dao.CourseDAO        : Fetching all courses
2025-03-07T00:11:07.634+01:00  INFO 15892 --- [main] ua.schoolconsoleapp.dao.CourseDAO        : Fetched 10 courses from database.
2025-03-07T00:11:17.088+01:00  INFO 15892 --- [main] u.s.services.StudentServiceImpl          : Adding student Donald Trump to course 'Biology'
2025-03-07T00:11:17.090+01:00  INFO 15892 --- [main] ua.schoolconsoleapp.dao.CourseDAO        : Fetching course ID for course name: Biology
2025-03-07T00:11:17.091+01:00  INFO 15892 --- [main] ua.schoolconsoleapp.dao.CourseDAO        : Course ID for 'Biology' is 2
2025-03-07T00:11:17.092+01:00  INFO 15892 --- [main] ua.schoolconsoleapp.dao.CourseDAO        : Checking if student with ID 213 is enrolled in course with ID 2
2025-03-07T00:11:17.093+01:00 DEBUG 15892 --- [main] ua.schoolconsoleapp.dao.CourseDAO        : Student with ID 213 enrollment status in course with ID 2: 0
2025-03-07T00:11:17.113+01:00  INFO 15892 --- [main] u.s.services.StudentServiceImpl          : The student Donald Trump successfully added to the course 'Biology'
2025-03-07T00:11:26.627+01:00  INFO 15892 --- [SpringApplicationShutdownHook] com.zaxxer.hikari.HikariDataSource       : HikariPool-1 - Shutdown initiated...
2025-03-07T00:11:26.684+01:00  INFO 15892 --- [SpringApplicationShutdownHook] com.zaxxer.hikari.HikariDataSource       : HikariPool-1 - Shutdown completed.
